app/build/outputs/mapping/release/seeds.txt
com.aistudio.autoflow.bxyp.MainActivity
com.aistudio.autoflow.bxyp.service.LotAutomationService
com.aistudio.autoflow.bxyp.service.AutomationActionReceiver
com.aistudio.autoflow.bxyp.service.AutomationActionReceiver: AutomationActionReceiver()
com.aistudio.autoflow.bxyp.service.TradeRequestResult: com.aistudio.autoflow.bxyp.service.TradeRequestResult valueOf(java.lang.String)
com.aistudio.autoflow.bxyp.MainActivity: MainActivity()
com.aistudio.autoflow.bxyp.core.TradeSide: com.aistudio.autoflow.bxyp.core.TradeSide[] values()
com.aistudio.autoflow.bxyp.core.TradeSide: com.aistudio.autoflow.bxyp.core.TradeSide valueOf(java.lang.String)
com.aistudio.autoflow.bxyp.service.LotAutomationService: LotAutomationService()
com.aistudio.autoflow.bxyp.service.TradeRequestResult: com.aistudio.autoflow.bxyp.service.TradeRequestResult[] values()