app/build/outputs/mapping/release/mapping.txt
# compiler: R8
# compiler_version: 9.3.16
# min_api: 26
# common_typos_disable
# {"id":"com.android.tools.r8.mapping","version":"2.2"}
# pg_map_id: 95b372a1aaf208b46a01de7e5cee43ae892044a4ab61e38c34fd140843d1aaf7
# pg_map_hash: SHA-256 95b372a1aaf208b46a01de7e5cee43ae892044a4ab61e38c34fd140843d1aaf7
com.aistudio.autoflow.bxyp.MainActivity -> com.aistudio.autoflow.bxyp.MainActivity:
# {"id":"sourceFile","fileName":"MainActivity.kt"}
    com.aistudio.autoflow.bxyp.data.EncryptedSettings settings -> a
      # {"id":"com.android.tools.r8.residualsignature","signature":"Lw;"}
    android.widget.TextView status -> b
    android.widget.TextView symbol -> c
    android.widget.TextView offset -> d
    android.widget.EditText step -> e
    android.widget.TextView log -> f
    android.widget.Button start -> g
    android.widget.Button stop -> h
    android.widget.Button buy -> i
    android.widget.Button sell -> j
    boolean pendingStart -> k
    int $r8$clinit -> l
      # {"id":"com.android.tools.r8.synthesized"}
    0:3:void <init>():29:29 -> <init>
    0:4:android.widget.Button button(int,int,kotlin.jvm.functions.Function0):247:247 -> a
      # {"id":"com.android.tools.r8.residualsignature","signature":"(IILg1;)Landroid/widget/Button;"}
    5:8:android.widget.Button button(int,int,kotlin.jvm.functions.Function0):248:248 -> a
    9:11:android.widget.Button button(int,int,kotlin.jvm.functions.Function0):249:249 -> a
    12:14:android.widget.Button button(int,int,kotlin.jvm.functions.Function0):250:250 -> a
    15:23:android.widget.Button button(int,int,kotlin.jvm.functions.Function0):251:251 -> a
    1:13:int dp(int):267:267 -> b
    0:4:android.widget.TextView dynamicText(java.lang.String,int):256:256 -> c
com.aistudio.autoflow.bxyp.MainActivity$$ExternalSyntheticLambda0 -> g1:
# {"id":"sourceFile","fileName":"R8$$SyntheticClass"}
# {"id":"com.android.tools.r8.synthesized"}
    int MainActivity$$ExternalSyntheticLambda0.$r8$classId -> a
      # {"id":"com.android.tools.r8.synthesized"}
    com.aistudio.autoflow.bxyp.MainActivity com.aistudio.autoflow.bxyp.MainActivity$$InternalSyntheticLambda$1$ad1e80ae3d7047e894bbffd5db4a9e53d9ab5550e1330cc0ae7b592bf81170d8$0.f$0 -> b
      # {"id":"com.android.tools.r8.synthesized"}
    0:7:void MainActivity$$ExternalSyntheticLambda0.<init>(com.aistudio.autoflow.bxyp.MainActivity,int):0:0 -> <init>
      # {"id":"com.android.tools.r8.synthesized"}
com.aistudio.autoflow.bxyp.MainActivity$$ExternalSyntheticLambda4 -> h1:
# {"id":"sourceFile","fileName":"R8$$SyntheticClass"}
# {"id":"com.android.tools.r8.synthesized"}
    kotlin.jvm.functions.Function0 com.aistudio.autoflow.bxyp.MainActivity$$InternalSyntheticLambda$2$d6e16d3462b6ac9872f7c987eec95fcef72c782064cee832a66b05abc7c21ca9$0.f$0 -> a
      # {"id":"com.android.tools.r8.residualsignature","signature":"Lg1;"}
      # {"id":"com.android.tools.r8.synthesized"}
    0:5:void MainActivity$$ExternalSyntheticLambda4.<init>(MainActivity$$ExternalSyntheticLambda0):0:0 -> <init>
      # {"id":"com.android.tools.r8.synthesized"}
      # {"id":"com.android.tools.r8.residualsignature","signature":"(Lg1;)V"}
    4:16:void com.aistudio.autoflow.bxyp.MainActivity.button$lambda$19$lambda$18(kotlin.jvm.functions.Function0,android.view.View):251:251 -> onClick
      # {"id":"com.android.tools.r8.residualsignature","signature":"(Landroid/view/View;)V"}
    17:23:kotlin.Unit com.aistudio.autoflow.bxyp.MainActivity.addTradeControls$lambda$10$lambda$9(com.aistudio.autoflow.bxyp.MainActivity):108:108 -> onClick
    17:23:void com.aistudio.autoflow.bxyp.MainActivity.button$lambda$19$lambda$18(kotlin.jvm.functions.Function0,android.view.View):251 -> onClick
    24:25:void com.aistudio.autoflow.bxyp.MainActivity.button$lambda$19$lambda$18(kotlin.jvm.functions.Function0,android.view.View):251:251 -> onClick
...
kotlin.jvm.internal.Reflection -> l1:
# {"id":"sourceFile","fileName":"Reflection.java"}
    kotlin.jvm.internal.ReflectionFactory factory -> a
      # {"id":"com.android.tools.r8.residualsignature","signature":"Lm1;"}
    1:6:void <clinit>():26:26 -> <clinit>
    7:16:void <clinit>():27:27 -> <clinit>
    17:18:void <clinit>():34:34 -> <clinit>
    19:21:void kotlin.jvm.internal.ReflectionFactory.<init>():14:14 -> <clinit>
    19:21:void <clinit>():34 -> <clinit>
    22:24:void <clinit>():34:34 -> <clinit>
kotlin.jvm.internal.ReflectionFactory -> m1:
# {"id":"sourceFile","fileName":"ReflectionFactory.java"}
kotlin.ranges.IntProgressionIterator -> x0:
# {"id":"sourceFile","fileName":"ProgressionIterators.kt"}
    int step -> a
    int finalElement -> b
    boolean hasNext -> c
    int next -> d
    0:2:void kotlin.collections.IntIterator.<init>():169:169 -> <init>
    0:2:void <init>(int,int,int):40 -> <init>
    3:4:void <init>(int,int,int):40:40 -> <init>
    5:17:void <init>(int,int,int):41:41 -> <init>
    18:23:void <init>(int,int,int):42:42 -> <init>
    24:26:void <init>(int,int,int):43:43 -> <init>
    0:2:boolean hasNext():45:45 -> hasNext
    0:1:int nextInt():48:48 -> next
    0:1:java.lang.Object kotlin.collections.IntIterator.next():169 -> next
    2:5:int nextInt():49:49 -> next
    2:5:java.lang.Object kotlin.collections.IntIterator.next():169 -> next
    6:10:int nextInt():50:50 -> next
    6:10:java.lang.Object kotlin.collections.IntIterator.next():169 -> next
    11:13:int nextInt():51:51 -> next
    11:13:java.lang.Object kotlin.collections.IntIterator.next():169 -> next
    14:19:int nextInt():50:50 -> next
    14:19:java.lang.Object kotlin.collections.IntIterator.next():169 -> next
    20:24:int nextInt():54:54 -> next
    20:24:java.lang.Object kotlin.collections.IntIterator.next():169 -> next
    25:29:java.lang.Object kotlin.collections.IntIterator.next():169:169 -> next
    0:7:void kotlin.collections.IntIterator.remove():0:0 -> remove
kotlin.ranges.IntRange -> y0:
# {"id":"sourceFile","fileName":"PrimitiveRanges.kt"}
    int kotlin.ranges.IntProgression.first -> a
    int kotlin.ranges.IntProgression.last -> b
    int kotlin.ranges.IntProgression.step -> c
    kotlin.ranges.IntRange EMPTY -> d
      # {"id":"com.android.tools.r8.residualsignature","signature":"Ly0;"}
    0:3:void <clinit>():86:86 -> <clinit>
    4:6:void <init>(int,int):54:54 -> <clinit>
    4:6:void <clinit>():86 -> <clinit>
    7:9:void <clinit>():86:86 -> <clinit>
    0:8:void kotlin.ranges.IntProgression.<init>(int,int,int):80:80 -> <init>
    9:15:void kotlin.ranges.IntProgression.<init>(int,int,int):94:94 -> <init>
    16:40:int kotlin.internal.ProgressionUtilKt.mod(int,int):10:10 -> <init>
    16:40:int kotlin.internal.ProgressionUtilKt.differenceModulo(int,int,int):21 -> <init>
    16:40:int kotlin.internal.ProgressionUtilKt.getProgressionLastElement(int,int,int):46 -> <init>
    16:40:void kotlin.ranges.IntProgression.<init>(int,int,int):99 -> <init>
    41:58:int kotlin.internal.ProgressionUtilKt.mod(int,int):10:10 -> <init>
    41:58:int kotlin.internal.ProgressionUtilKt.differenceModulo(int,int,int):21 -> <init>
    41:58:int kotlin.internal.ProgressionUtilKt.getProgressionLastElement(int,int,int):47 -> <init>
    41:58:void kotlin.ranges.IntProgression.<init>(int,int,int):99 -> <init>
    59:60:void kotlin.ranges.IntProgression.<init>(int,int,int):99:99 -> <init>
kotlin.ranges.IntRange$Companion -> R8$$REMOVED$$CLASS$$12:
# {"id":"sourceFile","fileName":"PrimitiveRanges.kt"}
kotlin.ranges.RangesKt___RangesKt -> R8$$REMOVED$$CLASS$$13:
# {"id":"sourceFile","fileName":"_Ranges.kt"}