app/build/outputs/mapping/release/usage.txt
com.aistudio.autoflow.bxyp.MainActivity:
    private static final com.aistudio.autoflow.bxyp.MainActivity$Companion Companion
    public static final int NOTIFICATION_PERMISSION_REQUEST
com.aistudio.autoflow.bxyp.R$drawable:
    private void <init>()
com.aistudio.autoflow.bxyp.R$string:
    public static int accessibility_description
    public static int accessibility_service_name
    public static int app_name
    private void <init>()
com.aistudio.autoflow.bxyp.R$style
com.aistudio.autoflow.bxyp.R$xml
com.aistudio.autoflow.bxyp.R
com.aistudio.autoflow.bxyp.core.AdjustmentPolicy:
    public static final java.lang.String DEFAULT_STEP
    public static final java.lang.String ZERO_OFFSET
com.aistudio.autoflow.bxyp.core.GateAcquireResult$Granted:
    public final long component1()
    public final com.aistudio.autoflow.bxyp.core.GateAcquireResult$Granted copy(long)
    public static synthetic com.aistudio.autoflow.bxyp.core.GateAcquireResult$Granted copy$default(com.aistudio.autoflow.bxyp.core.GateAcquireResult$Granted,long,int,java.lang.Object)
com.aistudio.autoflow.bxyp.core.GateState:
    public final boolean component1()
    public final boolean component2()
    public final com.aistudio.autoflow.bxyp.core.GateState copy(boolean,boolean)
    public static synthetic com.aistudio.autoflow.bxyp.core.GateState copy$default(com.aistudio.autoflow.bxyp.core.GateState,boolean,boolean,int,java.lang.Object)
com.aistudio.autoflow.bxyp.core.TradePolicy:
    public static final java.lang.String BASE_SYMBOL
    public static final java.lang.String FIXED_LOT
com.aistudio.autoflow.bxyp.core.TradeSide:
    private static final synthetic kotlin.enums.EnumEntries $ENTRIES
    public static kotlin.enums.EnumEntries getEntries()
com.aistudio.autoflow.bxyp.data.EncryptedSettings:
    public static final java.lang.String ANDROID_KEYSTORE
    private static final com.aistudio.autoflow.bxyp.data.EncryptedSettings$Companion Companion
    public static final java.lang.String KEY_ALIAS
    public static final int MAX_LOG_ENTRIES
    public static final java.lang.String OFFSET_NAME
    public static final java.lang.String STEP_NAME
    public static final java.lang.String TRANSFORMATION
com.aistudio.autoflow.bxyp.service.AutomationActionReceiver:
    public static final java.lang.String ACTION_BUY
    public static final java.lang.String ACTION_SELL
    public static final java.lang.String ACTION_STOP
    public static final com.aistudio.autoflow.bxyp.service.AutomationActionReceiver$Companion Companion
com.aistudio.autoflow.bxyp.service.AutomationState:
    public final boolean component1()
    public final boolean component2()
    public final boolean component3()
    public final java.lang.String component4()
    public final java.lang.String component5()
    public final com.aistudio.autoflow.bxyp.service.AutomationState copy(boolean,boolean,boolean,java.lang.String,java.lang.String)
    public static synthetic com.aistudio.autoflow.bxyp.service.AutomationState copy$default(com.aistudio.autoflow.bxyp.service.AutomationState,boolean,boolean,boolean,java.lang.String,java.lang.String,int,java.lang.Object)
    public final boolean getConnected()
com.aistudio.autoflow.bxyp.service.LotAutomationService$ReadyScreen:
    public final java.lang.String component1()
    public final com.aistudio.autoflow.bxyp.service.LotAutomationService$ScreenSnapshot component2()
    public final com.aistudio.autoflow.bxyp.service.LotAutomationService$ReadyScreen copy(java.lang.String,com.aistudio.autoflow.bxyp.service.LotAutomationService$ScreenSnapshot)
    public static synthetic com.aistudio.autoflow.bxyp.service.LotAutomationService$ReadyScreen copy$default(com.aistudio.autoflow.bxyp.service.LotAutomationService$ReadyScreen,java.lang.String,com.aistudio.autoflow.bxyp.service.LotAutomationService$ScreenSnapshot,int,java.lang.Object)
...
kotlin.collections.CollectionsKt__MutableCollectionsKt:
    public void <init>()
    public static final boolean addAll(java.util.Collection,java.lang.Iterable)
    public static final boolean addAll(java.util.Collection,kotlin.sequences.Sequence)
    public static final boolean addAll(java.util.Collection,java.lang.Object[])
    public static final java.util.Collection convertToListIfNotCollection(java.lang.Iterable)
    private static final boolean filterInPlace$CollectionsKt__MutableCollectionsKt(java.lang.Iterable,kotlin.jvm.functions.Function1,boolean)
    private static final boolean filterInPlace$CollectionsKt__MutableCollectionsKt(java.util.List,kotlin.jvm.functions.Function1,boolean)
    private static final void minusAssign(java.util.Collection,java.lang.Iterable)
    private static final void minusAssign(java.util.Collection,java.lang.Object)
    private static final void minusAssign(java.util.Collection,kotlin.sequences.Sequence)
    private static final void minusAssign(java.util.Collection,java.lang.Object[])
    private static final void plusAssign(java.util.Collection,java.lang.Iterable)
    private static final void plusAssign(java.util.Collection,java.lang.Object)
    private static final void plusAssign(java.util.Collection,kotlin.sequences.Sequence)
    private static final void plusAssign(java.util.Collection,java.lang.Object[])
    private static final java.lang.Object remove(java.util.List,int)
kotlin.collections.CollectionsKt__ReversedViewsKt:
    public void <init>()
    public static final java.util.List asReversedMutable(java.util.List)
kotlin.collections.CollectionsKt___CollectionsJvmKt:
    public void <init>()
    public static final java.util.List filterIsInstance(java.lang.Iterable,java.lang.Class)
    public static final java.util.Collection filterIsInstanceTo(java.lang.Iterable,java.util.Collection,java.lang.Class)
    public static final synthetic java.lang.Comparable max(java.lang.Iterable)
    public static final synthetic java.lang.Double max(java.lang.Iterable)
    public static final synthetic java.lang.Float max(java.lang.Iterable)
    public static final synthetic java.lang.Object maxBy(java.lang.Iterable,kotlin.jvm.functions.Function1)
    public static final synthetic java.lang.Object maxWith(java.lang.Iterable,java.util.Comparator)
    public static final synthetic java.lang.Comparable min(java.lang.Iterable)
    public static final synthetic java.lang.Double min(java.lang.Iterable)
    public static final synthetic java.lang.Float min(java.lang.Iterable)
    public static final synthetic java.lang.Object minBy(java.lang.Iterable,kotlin.jvm.functions.Function1)
    public static final synthetic java.lang.Object minWith(java.lang.Iterable,java.util.Comparator)
    public static final void reverse(java.util.List)
    private static final java.math.BigDecimal sumOfBigDecimal(java.lang.Iterable,kotlin.jvm.functions.Function1)
    private static final java.math.BigInteger sumOfBigInteger(java.lang.Iterable,kotlin.jvm.functions.Function1)
kotlin.collections.CollectionsKt___CollectionsKt$asSequence$$inlined$Sequence$1
kotlin.collections.CollectionsKt___CollectionsKt$groupingBy$1